<?xml version="1.0" encoding="UTF-8"?>
<!-- Generated by org.testng.reporters.JUnitReportReporter -->
<testsuite hostname="US-NK9C7X03G2" failures="0" tests="1" name="testCases.SignInDemo" time="9.251" errors="0" timestamp="2023-06-04T01:18:10 IST" skipped="0">
  <testcase classname="testCases.SignInDemo" name="TFHLogin" time="9.251"/>
  <system-out/>
</testsuite> <!-- testCases.SignInDemo -->
